1976/11/06 18:04:08.9 101.05 27.60 33.0 5.8 6.5 19 66 -6 111 84 -156 -1.130 -1.500 2.630 -1.100 0.760 -2.680 337.0 21.0 -3.070 123.0 66.0 -1.150 243.0 12.0 4.210 3.640 25 C110676A 
1978/08/31 03:26:50.2 101.15 27.64 35.0 5.1 0.0 5 58 -26 109 68 -145 -6.366 -0.519 6.885 -2.432 1.239 -9.642 331.0 39.0 -8.220 137.0 50.0 -5.580 235.0 7.0 13.800 11.010 23 B083178A 
1980/02/02 12:29:16.3 101.36 27.81 33.0 5.3 5.2 213 74 -6 304 84 -164 -0.649 -1.425 2.074 0.350 -0.308 -0.779 170.0 16.0 -1.670 324.0 73.0 -0.620 78.0 7.0 2.290 1.980 24 B020280A 
1982/07/03 08:13:35.5 100.37 26.57 33.0 5.1 4.8 347 26 -90 166 64 -90 -6.763 -1.015 7.778 -1.422 5.776 -2.262 76.0 71.0 -8.830 166.0 0.0 -1.560 256.0 19.0 10.390 9.610 23 B070382B 
1982/10/08 13:34:57.2 99.85 26.36 40.0 5.0 4.5 146 22 -112 350 69 -81 -4.458 -1.071 5.529 1.026 -5.873 -2.655 274.0 65.0 -7.180 166.0 8.0 -1.860 73.0 24.0 9.040 8.110 23 B100882A 
1985/04/18 05:52:52.7 102.87 25.90 5.0 5.7 5.8 100 57 -170 5 82 -33 -0.933 -0.648 1.582 -0.591 -2.489 -3.996 317.0 29.0 -4.780 172.0 56.0 -0.310 57.0 16.0 5.090 4.930 24 B041885B 
1986/03/13 08:41:22.4 100.17 26.17 39.0 5.4 4.6 330 25 -104 165 66 -84 -7.750 0.045 7.705 -1.691 7.323 -3.673 87.0 69.0 -10.670 342.0 6.0 -1.320 250.0 21.0 11.990 11.330 23 B031386B 
1993/07/17 09:46:34.3 99.64 28.00 27.0 5.4 4.7 140 33 -55 280 64 -110 -1.004 0.833 0.171 0.807 0.058 -0.582 155.0 65.0 -1.360 290.0 18.0 -0.020 25.0 17.0 1.370 1.360 24 B071793B 
1993/08/14 14:30:04.3 101.46 25.42 33.0 4.9 4.7 209 76 15 115 76 165 0.734 -6.101 5.366 0.808 -2.477 -4.109 162.0 0.0 -7.420 252.0 69.0 -0.240 72.0 21.0 7.670 7.540 23 B081493B 
1995/10/23 22:46:50.4 102.27 26.00 0.0 5.5 0.0 13 75 -9 105 81 -165 -0.375 -0.804 1.178 -0.526 -0.096 -1.849 330.0 17.0 -2.060 135.0 73.0 -0.240 239.0 4.0 2.300 2.180 25 B102395C 
1996/02/03 11:14:19.8 100.34 27.30 10.0 6.3 6.5 0 36 -68 153 57 -105 -8.625 -0.097 8.722 -3.063 2.962 -2.350 24.0 73.0 -9.860 161.0 13.0 -0.170 254.0 11.0 10.030 9.940 25 C020396B 
1996/02/04 16:58:05.8 100.38 27.05 10.0 5.5 5.3 358 33 -86 173 57 -93 -2.184 -0.307 2.492 -0.176 1.051 -0.225 74.0 78.0 -2.420 175.0 2.0 -0.320 265.0 12.0 2.740 2.580 24 B020496C 
1996/02/06 07:36:13.8 100.42 27.25 10.0 5.3 5.0 132 57 -141 18 58 -40 -1.009 -0.506 1.515 -1.082 -0.293 -0.573 345.0 49.0 -1.970 165.0 41.0 0.300 75.0 0.0 1.670 1.820 24 B020696A 
1996/09/24 19:24:49.5 100.37 27.22 33.0 5.3 5.2 321 41 -98 151 50 -83 -1.777 0.449 1.328 -0.062 0.337 -1.100 104.0 83.0 -1.810 327.0 5.0 -0.280 236.0 5.0 2.100 1.960 24 B092496E 
1997/10/23 12:28:33.5 100.39 27.00 33.0 5.1 4.6 153 20 -110 353 72 -83 -3.357 0.118 3.239 0.310 -4.491 -1.028 274.0 63.0 -5.640 171.0 7.0 -0.080 78.0 26.0 5.710 5.670 23 B102397B 
1998/10/02 12:49:35.8 101.02 27.27 48.4 5.2 4.7 332 16 -89 151 74 -90 -7.292 2.693 4.599 -5.020 9.164 -1.360 61.0 61.0 -13.190 151.0 0.0 1.990 242.0 29.0 11.210 12.200 23 B100298C 
1998/11/19 11:38:14.8 101.03 27.31 33.0 5.2 5.6 31 79 -9 123 81 -169 0.080 -2.384 2.304 -0.720 -0.120 -1.111 347.0 14.0 -2.820 163.0 76.0 0.260 257.0 1.0 2.550 2.690 24 B111998B 
2000/01/14 22:09:04.9 101.16 25.59 33.0 5.0 5.1 25 77 -2 116 88 -167 -0.191 -1.351 1.541 -0.388 0.153 -1.184 341.0 11.0 -1.830 126.0 77.0 -0.160 250.0 7.0 2.000 1.920 24 B011400D 
2000/01/14 23:37:07.9 101.06 25.61 33.0 5.4 5.9 27 78 -6 118 84 -168 -0.600 -6.289 6.888 -1.854 0.118 -4.726 343.0 13.0 -8.200 143.0 76.0 -0.260 252.0 4.0 8.460 8.330 24 B011400F 
2001/04/12 10:47:00.4 99.06 24.77 10.0 5.2 5.4 57 63 -28 161 65 -150 -1.315 -1.443 2.757 -1.316 0.526 1.613 19.0 38.0 -3.110 197.0 52.0 -0.200 288.0 1.0 3.310 3.210 24 B041201C 
2001/05/23 21:10:44.0 101.00 27.69 33.0 5.1 5.3 8 87 -2 98 88 -177 -0.543 -0.192 0.735 -0.069 -0.006 -1.705 323.0 3.0 -1.500 129.0 86.0 -0.540 233.0 1.0 2.040 1.770 24 B052301C 
2001/07/09 23:51:33.6 101.42 24.88 33.0 4.8 4.7 233 50 2 142 89 140 -0.048 -4.712 4.760 2.092 -3.632 1.191 195.0 26.0 -6.120 321.0 50.0 -0.590 90.0 28.0 6.710 6.410 23 B070901C 
2001/10/27 05:35:39.7 100.65 26.32 10.0 5.3 5.5 35 69 1 305 89 159 -0.412 -2.034 2.446 -0.581 0.806 -0.877 352.0 14.0 -2.300 121.0 69.0 -0.560 258.0 16.0 2.860 2.580 24 B102701A 
2003/07/21 15:16:31.9 101.29 25.98 10.0 5.4 6.0 200 80 -6 291 84 -170 -0.013 -0.537 0.550 0.175 0.034 -0.640 155.0 11.0 -0.868 321.0 78.0 0.020 65.0 3.0 0.848 0.858 25 C072103D 
2003/10/16 12:28:09.1 101.25 25.95 33.0 5.2 5.6 18 88 -1 108 89 -178 -0.383 -1.530 1.910 -0.102 -0.001 -2.310 333.0 2.0 -2.694 135.0 88.0 -0.380 243.0 1.0 3.071 2.882 24 B101603A 
2005/08/05 14:14:48.0 103.04 26.57 42.4 5.2 4.8 252 73 -178 161 88 -17 -0.325 0.658 -0.334 -0.196 0.191 -0.687 115.0 13.0 -0.705 335.0 73.0 -0.355 208.0 11.0 1.059 0.882 24 C200508051414A 
2008/08/30 08:30:54.0 101.94 26.27 17.0 5.7 5.9 100 86 180 190 90 4 0.022 -0.369 0.347 -0.010 -0.066 -1.030 325.0 2.0 -1.103 192.0 86.0 0.022 55.0 3.0 1.082 1.092 25 C200808300830A 
2008/08/31 08:31:10.7 101.97 26.23 10.0 5.5 5.5 11 77 -7 102 84 -167 -0.077 -0.974 1.050 -0.664 -0.179 -2.390 327.0 14.0 -2.719 128.0 75.0 0.067 236.0 5.0 2.651 2.685 24 C200808310831A 
2009/07/09 11:19:16.2 101.10 25.63 7.0 5.5 5.7 204 84 -3 294 87 -174 -0.407 -3.520 3.930 0.512 -0.044 -3.420 159.0 6.0 -4.899 317.0 84.0 -0.369 69.0 2.0 5.271 5.085 24 C200907091119A 
2009/07/10 09:02:03.7 101.03 25.67 10.0 5.0 0.0 21 83 4 291 86 173 0.612 -4.750 4.140 -0.564 0.627 -4.930 336.0 2.0 -6.952 80.0 82.0 0.511 246.0 8.0 6.443 6.698 23 C200907100902A 
2009/07/12 16:01:20.2 101.04 25.66 10.0 4.9 0.0 231 43 17 129 79 132 0.790 -2.290 1.500 1.170 -1.940 -0.188 188.0 22.0 -2.743 299.0 41.0 -0.522 78.0 41.0 3.265 3.004 23 C200907121601A 
2009/11/01 21:07:20.6 100.82 25.96 24.5 5.0 0.0 286 84 180 16 90 6 0.522 -1.600 1.080 0.142 0.221 -2.120 151.0 4.0 -2.784 17.0 84.0 0.529 241.0 4.0 2.257 2.521 23 C200911012107A 
2010/02/25 04:56:55.8 101.93 25.56 36.0 5.0 0.0 14 76 -9 106 81 -166 -0.752 -2.980 3.730 -1.800 -0.516 -5.880 330.0 16.0 -6.930 138.0 73.0 -0.244 239.0 3.0 7.172 7.051 23 C201002250456A 
2010/06/01 15:58:14.7 99.18 24.86 58.7 4.9 0.0 342 60 -154 238 67 -33 -0.921 -1.040 1.960 1.360 -0.235 1.280 198.0 39.0 -2.610 28.0 51.0 0.156 292.0 5.0 2.453 2.532 23 C201006011558A 
2012/06/24 07:59:34.9 100.78 27.77 10.0 5.5 5.5 313 46 -126 179 55 -59 -2.240 0.050 2.190 0.802 0.790 -1.220 147.0 65.0 -2.762 339.0 25.0 -0.014 247.0 5.0 2.775 2.768 24 C201206240759A 
2012/09/11 03:21:21.2 99.27 24.65 10.0 5.0 0.0 349 45 -136 224 60 -55 -2.380 -0.245 2.620 2.060 0.146 0.769 185.0 58.0 -3.645 24.0 30.0 0.727 289.0 9.0 2.913 3.279 23 C201209110321A 
2013/02/19 02:47:01.2 103.08 27.24 10.0 4.9 0.0 99 76 178 189 88 14 -0.212 -0.882 1.090 0.053 -0.803 -2.920 323.0 9.0 -3.043 196.0 76.0 -0.280 55.0 11.0 3.319 3.181 23 C201302190247A 
2013/03/03 05:41:16.9 99.81 25.98 8.0 5.5 5.4 337 42 -113 187 52 -71 -1.270 -0.185 1.460 0.283 0.268 -0.224 156.0 74.0 -1.374 355.0 15.0 -0.130 263.0 5.0 1.509 1.442 24 C201303030541A 
2013/04/17 01:46:00.1 99.78 25.95 38.3 5.1 0.0 332 52 -131 206 54 -50 -0.994 0.084 0.910 1.010 0.049 -0.030 177.0 59.0 -1.601 360.0 31.0 0.690 269.0 1.0 0.911 1.256 24 C201304170146A 
2013/08/27 20:44:57.8 99.33 28.22 43.3 5.0 0.0 66 50 -125 294 51 -55 -5.580 7.050 -1.470 0.091 -2.700 -0.010 269.0 64.0 -6.919 90.0 26.0 -0.132 0.0 0.0 7.051 6.985 23 C201308272044A 
2013/08/27 23:53:07.8 99.09 28.40 10.3 4.5 0.0 104 42 -83 274 48 -96 -1.990 1.730 0.259 0.233 0.150 -0.243 132.0 84.0 -2.017 279.0 5.0 0.235 9.0 3.0 1.780 1.899 23 C201308272353A 
2013/08/31 00:04:18.0 99.38 28.23 10.0 0.0 5.6 97 42 -95 284 48 -85 -4.140 4.430 -0.294 0.455 -0.311 -0.914 237.0 85.0 -4.182 101.0 3.0 -0.451 11.0 3.0 4.630 4.406 24 C201308310004A 
2013/08/31 00:27:01.8 99.34 28.22 10.0 5.0 0.0 131 43 -71 286 50 -107 -4.700 3.180 1.520 1.060 0.925 -1.350 132.0 77.0 -5.028 297.0 13.0 1.066 28.0 3.0 3.962 4.495 23 C201308310027A 
2013/09/03 14:32:40.1 99.50 28.25 33.6 4.8 0.0 275 44 -105 115 48 -76 -2.370 2.090 0.280 -0.047 0.497 -0.530 93.0 80.0 -2.461 286.0 10.0 0.220 196.0 2.0 2.241 2.351 23 C201309031432A 
2013/09/06 15:04:14.8 99.55 28.29 30.1 4.4 0.0 270 48 -120 131 50 -61 -2.320 2.050 0.278 0.336 1.050 -0.768 109.0 68.0 -2.761 291.0 22.0 0.432 201.0 1.0 2.337 2.549 23 C201309061504A 
2013/10/14 03:18:60.0 102.87 28.09 15.0 0.0 4.6 264 75 172 356 82 15 -0.006 0.404 -0.398 -0.462 0.675 -2.550 130.0 5.0 -2.597 23.0 73.0 -0.210 221.0 16.0 2.807 2.702 23 C201310140319A 
2013/11/28 08:23:53.5 100.57 25.50 10.0 0.0 4.9 160 41 -71 315 52 -106 -2.130 0.763 1.360 0.717 0.001 -0.574 171.0 76.0 -2.303 325.0 12.0 0.549 56.0 6.0 1.747 2.025 23 C201311280823A 
2014/05/07 14:11:45.7 102.07 25.55 28.1 0.0 4.9 356 72 -15 91 76 -162 -0.171 0.158 0.013 -0.535 -0.450 -1.620 314.0 23.0 -1.828 127.0 67.0 0.118 223.0 2.0 1.711 1.769 23 C201405071411A 
2014/08/03 08:30:13.6 103.41 27.19 12.0 0.0 6.2 71 81 -175 340 86 -9 -0.020 1.310 -1.290 -0.055 -0.355 -1.640 296.0 9.0 -2.139 133.0 80.0 0.031 26.0 3.0 2.108 2.123 25 C201408030830A 
2014/10/01 01:23:29.4 102.79 28.40 9.3 0.0 5.1 254 66 169 349 80 25 1.180 3.010 -4.200 -2.090 3.110 -6.930 119.0 10.0 -8.678 9.0 63.0 -0.102 214.0 25.0 8.770 8.724 23 C201410010123A 
2015/03/09 09:59:43.5 103.14 25.32 10.0 0.0 4.6 183 74 -10 276 80 -163 -0.372 -0.098 0.470 0.466 0.158 -1.740 141.0 19.0 -1.732 306.0 71.0 -0.232 49.0 5.0 1.964 1.848 23 C201503090959A 
